INFO - 11/29/17 03:29:31 - 0:00:00 - ============ Initialized logger ============
INFO - 11/29/17 03:29:31 - 0:00:00 - adversarial: True
                                     batch_size: 32
                                     cuda: False
                                     dico_build: S2T&T2S
                                     dico_max_rank: 15000
                                     dico_max_size: 0
                                     dico_method: csls_knn_10
                                     dico_min_size: 0
                                     dico_threshold: 0
                                     dis_clip_weights: 0
                                     dis_dropout: 0.0
                                     dis_hid_dim: 2048
                                     dis_input_dropout: 0.1
                                     dis_lambda: 1
                                     dis_layers: 2
                                     dis_most_frequent: 75000
                                     dis_optimizer: sgd,lr=0.1
                                     dis_smooth: 0.1
                                     dis_steps: 5
                                     emb_dim: 300
                                     epoch_size: 1000000
                                     exp_path: /Users/yuangyao/Documents/Research/UnsupervisedWordMapping/dumped/tbulrp2dig
                                     export: True
                                     lr_decay: 0.98
                                     lr_shrink: 0.5
                                     map_beta: 0.001
                                     map_id_init: True
                                     map_optimizer: sgd,lr=0.1
                                     max_vocab: 200000
                                     min_lr: 1e-06
                                     n_epochs: 5
                                     n_iters: 5
                                     normalize_embeddings: 
                                     refinement: False
                                     seed: -1
                                     src_emb: data/pretrained/en.vec
                                     src_lang: en
                                     tgt_emb: data/pretrained/it.vec
                                     tgt_lang: it
                                     verbose: 2
INFO - 11/29/17 03:29:31 - 0:00:00 - The experiment will be stored in /Users/yuangyao/Documents/Research/UnsupervisedWordMapping/dumped/tbulrp2dig
INFO - 11/29/17 03:29:56 - 0:00:25 - Loaded 200000 pre-trained word embeddings
INFO - 11/29/17 03:30:26 - 0:00:56 - Loaded 200000 pre-trained word embeddings
INFO - 11/29/17 03:30:32 - 0:01:01 - ----> ADVERSARIAL TRAINING <----
                                     
                                     
INFO - 11/29/17 03:30:32 - 0:01:01 - Starting adversarial training epoch 0...
INFO - 11/29/17 03:30:32 - 0:01:02 - 000000 - Discriminator loss: 0.6833 - 212 samples/s
INFO - 11/29/17 03:30:57 - 0:01:26 - 004000 - Discriminator loss: 0.6031 - 323 samples/s
INFO - 11/29/17 03:31:21 - 0:01:50 - 008000 - Discriminator loss: 0.5229 - 330 samples/s
INFO - 11/29/17 03:31:44 - 0:02:13 - 012000 - Discriminator loss: 0.5534 - 347 samples/s
INFO - 11/29/17 03:32:07 - 0:02:36 - 016000 - Discriminator loss: 0.5452 - 347 samples/s
INFO - 11/29/17 03:32:33 - 0:03:02 - 020000 - Discriminator loss: 0.5377 - 308 samples/s
INFO - 11/29/17 03:32:58 - 0:03:27 - 024000 - Discriminator loss: 0.5277 - 323 samples/s
INFO - 11/29/17 03:33:22 - 0:03:52 - 028000 - Discriminator loss: 0.5054 - 322 samples/s
INFO - 11/29/17 03:33:47 - 0:04:17 - 032000 - Discriminator loss: 0.4982 - 321 samples/s
INFO - 11/29/17 03:34:12 - 0:04:41 - 036000 - Discriminator loss: 0.4888 - 328 samples/s
INFO - 11/29/17 03:34:36 - 0:05:06 - 040000 - Discriminator loss: 0.4803 - 327 samples/s
INFO - 11/29/17 03:35:00 - 0:05:30 - 044000 - Discriminator loss: 0.4798 - 329 samples/s
INFO - 11/29/17 03:35:24 - 0:05:53 - 048000 - Discriminator loss: 0.4720 - 340 samples/s
INFO - 11/29/17 03:35:47 - 0:06:17 - 052000 - Discriminator loss: 0.4649 - 345 samples/s
INFO - 11/29/17 03:36:10 - 0:06:39 - 056000 - Discriminator loss: 0.4596 - 352 samples/s
INFO - 11/29/17 03:36:32 - 0:07:02 - 060000 - Discriminator loss: 0.4561 - 353 samples/s
INFO - 11/29/17 03:36:56 - 0:07:26 - 064000 - Discriminator loss: 0.4505 - 338 samples/s
INFO - 11/29/17 03:37:20 - 0:07:49 - 068000 - Discriminator loss: 0.4476 - 334 samples/s
INFO - 11/29/17 03:37:43 - 0:08:12 - 072000 - Discriminator loss: 0.4462 - 348 samples/s
INFO - 11/29/17 03:38:05 - 0:08:34 - 076000 - Discriminator loss: 0.4410 - 366 samples/s
INFO - 11/29/17 03:38:28 - 0:08:57 - 080000 - Discriminator loss: 0.4363 - 348 samples/s
INFO - 11/29/17 03:38:50 - 0:09:19 - 084000 - Discriminator loss: 0.4389 - 367 samples/s
INFO - 11/29/17 03:39:12 - 0:09:42 - 088000 - Discriminator loss: 0.4331 - 353 samples/s
INFO - 11/29/17 03:39:36 - 0:10:05 - 092000 - Discriminator loss: 0.4323 - 339 samples/s
INFO - 11/29/17 03:39:59 - 0:10:28 - 096000 - Discriminator loss: 0.4304 - 347 samples/s
INFO - 11/29/17 03:40:22 - 0:10:51 - 100000 - Discriminator loss: 0.4270 - 343 samples/s
INFO - 11/29/17 03:40:45 - 0:11:15 - 104000 - Discriminator loss: 0.4267 - 342 samples/s
