INFO - 11/29/17 04:09:49 - 0:00:00 - ============ Initialized logger ============
INFO - 11/29/17 04:09:49 - 0:00:00 - adversarial: True
                                     batch_size: 32
                                     cuda: False
                                     dico_build: S2T&T2S
                                     dico_max_rank: 15000
                                     dico_max_size: 0
                                     dico_method: csls_knn_10
                                     dico_min_size: 0
                                     dico_threshold: 0
                                     dis_clip_weights: 0
                                     dis_dropout: 0.0
                                     dis_hid_dim: 2048
                                     dis_input_dropout: 0.1
                                     dis_lambda: 1
                                     dis_layers: 2
                                     dis_most_frequent: 75000
                                     dis_optimizer: sgd,lr=0.1
                                     dis_smooth: 0.1
                                     dis_steps: 5
                                     emb_dim: 300
                                     epoch_size: 10000
                                     exp_path: /Users/yuangyao/Documents/Research/UnsupervisedWordMapping/dumped/2hvkku24k1
                                     export: True
                                     lr_decay: 0.98
                                     lr_shrink: 0.5
                                     map_beta: 0.001
                                     map_id_init: True
                                     map_optimizer: sgd,lr=0.1
                                     max_vocab: 200000
                                     min_lr: 1e-06
                                     n_epochs: 5
                                     n_iters: 5
                                     normalize_embeddings: 
                                     refinement: False
                                     seed: -1
                                     src_emb: data/pretrained/en.vec
                                     src_lang: en
                                     tgt_emb: data/pretrained/it.vec
                                     tgt_lang: it
                                     verbose: 2
INFO - 11/29/17 04:09:49 - 0:00:00 - The experiment will be stored in /Users/yuangyao/Documents/Research/UnsupervisedWordMapping/dumped/2hvkku24k1
INFO - 11/29/17 04:10:16 - 0:00:26 - Loaded 200000 pre-trained word embeddings
INFO - 11/29/17 04:10:45 - 0:00:55 - Loaded 200000 pre-trained word embeddings
INFO - 11/29/17 04:10:49 - 0:01:00 - ----> ADVERSARIAL TRAINING <----
                                     
                                     
INFO - 11/29/17 04:10:49 - 0:01:00 - Starting adversarial training epoch 0...
INFO - 11/29/17 04:10:49 - 0:01:00 - 000000 - Discriminator loss: 0.6814 - 247 samples/s
INFO - 11/29/17 04:11:12 - 0:01:23 - 004000 - Discriminator loss: 0.6070 - 347 samples/s
INFO - 11/29/17 04:11:36 - 0:01:47 - 008000 - Discriminator loss: 0.5094 - 333 samples/s
INFO - 11/29/17 04:11:49 - 0:02:00 - Found 2585 pairs of words in the dictionary (1500 unique). 0 other pairs contained at least one unknown word (0 in lang1, 0 in lang2)
INFO - 11/29/17 04:12:00 - 0:02:10 - 1500 source words - nn - Precision at k = 1: 0.000000
INFO - 11/29/17 04:12:00 - 0:02:10 - 1500 source words - nn - Precision at k = 5: 0.000000
INFO - 11/29/17 04:12:00 - 0:02:10 - 1500 source words - nn - Precision at k = 10: 0.000000
INFO - 11/29/17 04:12:00 - 0:02:11 - Found 2585 pairs of words in the dictionary (1500 unique). 0 other pairs contained at least one unknown word (0 in lang1, 0 in lang2)
